<?xml version="1.0" encoding="UTF-8"?>
<!-- Generated by org.testng.reporters.JUnitXMLReporter -->
<testsuite ignored="0" hostname="DESKTOP-DIUNAJV" failures="0" tests="4" name="Test" time="18.506" errors="0" timestamp="2022-05-30T14:56:05 IST">
  <testcase classname="comSauceDemoPOMTestClasses.TestBaseClass" name="@BeforeMethod setUp" time="6.224">
    <failure type="org.openqa.selenium.SessionNotCreatedException" message="session not created: This version of Microsoft Edge WebDriver only supports Microsoft Edge version 104
Current browser version is 101.0.1210.53 with binary path C:\Program Files (x86)\Microsoft\Edge\Application\msedge.exe
Build info: version: &amp;apos;3.141.59&amp;apos;, revision: &amp;apos;e82be7d358&amp;apos;, time: &amp;apos;2018-11-14T08:17:03&amp;apos;
System info: host: &amp;apos;DESKTOP-DIUNAJV&amp;apos;, ip: &amp;apos;192.168.1.202&amp;apos;, os.name: &amp;apos;Windows 10&amp;apos;, os.arch: &amp;apos;amd64&amp;apos;, os.version: &amp;apos;10.0&amp;apos;, java.version: &amp;apos;17.0.2&amp;apos;
Driver info: driver.version: EdgeDriver
remote stacktrace: Backtrace:
	Microsoft::Applications::Events::EventProperties::unpack [0x00558523+58259]
	Microsoft::Applications::Events::ISemanticContext::SetTicket [0x00450031+689921]
	Microsoft::Applications::Events::ILogConfiguration::operator* [0x002DACEE+3518]
	Microsoft::Applications::Events::GUID_t::GUID_t [0x002FA796+55318]
	Microsoft::Applications::Events::GUID_t::GUID_t [0x002F77C6+43078]
	Microsoft::Applications::Events::GUID_t::GUID_t [0x002F4239+29369]
	Microsoft::Applications::Events::GUID_t::GUID_t [0x0031E3D5+201813]
	Microsoft::Applications::Events::GUID_t::GUID_t [0x0031DDFE+200318]
	Microsoft::Applications::Events::GUID_t::GUID_t [0x003192D6+181078]
	Microsoft::Applications::Events::GUID_t::GUID_t [0x002FC786+63494]
	Microsoft::Applications::Events::GUID_t::GUID_t [0x002FD516+66966]
	Microsoft::Applications::Events::ILogManager::DispatchEventBroadcast [0x00750555+661285]
	Microsoft::Applications::Events::ILogManager::DispatchEventBroadcast [0x006C59B3+93059]
	Microsoft::Applications::Events::ILogManager::DispatchEventBroadcast [0x006C5647+92183]
	Microsoft::Applications::Events::ILogManager::DispatchEventBroadcast [0x006C94FA+108234]
	Microsoft::Applications::Events::ILogManager::DispatchEventBroadcast [0x006C609A+94826]
	Microsoft::Applications::Events::ISemanticContext::SetTicket [0x00461D6B+762939]
	Microsoft::Applications::Events::ISemanticContext::SetTicket [0x0046C8A8+806776]
	Microsoft::Applications::Events::ISemanticContext::SetTicket [0x0046CA32+807170]
	Microsoft::Applications::Events::ISemanticContext::SetTicket [0x0047F0E2+882610]
	BaseThreadInitThunk [0x75FAFA29+25]
	RtlGetAppContainerNamedObjectPath [0x775D7A7E+286]
	RtlGetAppContainerNamedObjectPath [0x775D7A4E+238]
">
      <![CDATA[org.openqa.selenium.SessionNotCreatedException: session not created: This version of Microsoft Edge WebDriver only supports Microsoft Edge version 104
Current browser version is 101.0.1210.53 with binary path C:\Program Files (x86)\Microsoft\Edge\Application\msedge.exe
Build info: version: '3.141.59', revision: 'e82be7d358', time: '2018-11-14T08:17:03'
System info: host: 'DESKTOP-DIUNAJV', ip: '192.168.1.202', os.name: 'Windows 10', os.arch: 'amd64', os.version: '10.0', java.version: '17.0.2'
Driver info: driver.version: EdgeDriver
remote stacktrace: Backtrace:
Microsoft::Applications::Events::EventProperties::unpack [0x00558523+58259]
Microsoft::Applications::Events::ISemanticContext::SetTicket [0x00450031+689921]
Microsoft::Applications::Events::ILogConfiguration::operator* [0x002DACEE+3518]
Microsoft::Applications::Events::GUID_t::GUID_t [0x002FA796+55318]
Microsoft::Applications::Events::GUID_t::GUID_t [0x002F77C6+43078]
Microsoft::Applications::Events::GUID_t::GUID_t [0x002F4239+29369]
Microsoft::Applications::Events::GUID_t::GUID_t [0x0031E3D5+201813]
Microsoft::Applications::Events::GUID_t::GUID_t [0x0031DDFE+200318]
Microsoft::Applications::Events::GUID_t::GUID_t [0x003192D6+181078]
Microsoft::Applications::Events::GUID_t::GUID_t [0x002FC786+63494]
Microsoft::Applications::Events::GUID_t::GUID_t [0x002FD516+66966]
Microsoft::Applications::Events::ILogManager::DispatchEventBroadcast [0x00750555+661285]
Microsoft::Applications::Events::ILogManager::DispatchEventBroadcast [0x006C59B3+93059]
Microsoft::Applications::Events::ILogManager::DispatchEventBroadcast [0x006C5647+92183]
Microsoft::Applications::Events::ILogManager::DispatchEventBroadcast [0x006C94FA+108234]
Microsoft::Applications::Events::ILogManager::DispatchEventBroadcast [0x006C609A+94826]
Microsoft::Applications::Events::ISemanticContext::SetTicket [0x00461D6B+762939]
Microsoft::Applications::Events::ISemanticContext::SetTicket [0x0046C8A8+806776]
Microsoft::Applications::Events::ISemanticContext::SetTicket [0x0046CA32+807170]
Microsoft::Applications::Events::ISemanticContext::SetTicket [0x0047F0E2+882610]
BaseThreadInitThunk [0x75FAFA29+25]
RtlGetAppContainerNamedObjectPath [0x775D7A7E+286]
RtlGetAppContainerNamedObjectPath [0x775D7A4E+238]

at org.openqa.selenium.remote.W3CHandshakeResponse.lambda$errorHandler$0(W3CHandshakeResponse.java:62)
at org.openqa.selenium.remote.HandshakeResponse.lambda$getResponseFunction$0(HandshakeResponse.java:30)
at org.openqa.selenium.remote.ProtocolHandshake.lambda$createSession$0(ProtocolHandshake.java:126)
at java.base/java.util.stream.ReferencePipeline$3$1.accept(ReferencePipeline.java:197)
at java.base/java.util.Spliterators$ArraySpliterator.tryAdvance(Spliterators.java:1002)
at java.base/java.util.stream.ReferencePipeline.forEachWithCancel(ReferencePipeline.java:129)
at java.base/java.util.stream.AbstractPipeline.copyIntoWithCancel(AbstractPipeline.java:527)
at java.base/java.util.stream.AbstractPipeline.copyInto(AbstractPipeline.java:513)
at java.base/java.util.stream.AbstractPipeline.wrapAndCopyInto(AbstractPipeline.java:499)
at java.base/java.util.stream.FindOps$FindOp.evaluateSequential(FindOps.java:150)
at java.base/java.util.stream.AbstractPipeline.evaluate(AbstractPipeline.java:234)
at java.base/java.util.stream.ReferencePipeline.findFirst(ReferencePipeline.java:647)
at org.openqa.selenium.remote.ProtocolHandshake.createSession(ProtocolHandshake.java:128)
at org.openqa.selenium.remote.ProtocolHandshake.createSession(ProtocolHandshake.java:74)
at org.openqa.selenium.remote.HttpCommandExecutor.execute(HttpCommandExecutor.java:136)
at org.openqa.selenium.remote.service.DriverCommandExecutor.execute(DriverCommandExecutor.java:83)
at org.openqa.selenium.remote.RemoteWebDriver.execute(RemoteWebDriver.java:552)
at org.openqa.selenium.remote.RemoteWebDriver.startSession(RemoteWebDriver.java:213)
at org.openqa.selenium.remote.RemoteWebDriver.<init>(RemoteWebDriver.java:131)
at org.openqa.selenium.edge.EdgeDriver.<init>(EdgeDriver.java:141)
at org.openqa.selenium.edge.EdgeDriver.<init>(EdgeDriver.java:96)
at comSauceDemoPOMTestClasses.TestBaseClass.setUp(TestBaseClass.java:28)
at java.base/java.util.ArrayList.forEach(ArrayList.java:1511)
... Removed 36 stack frames]]>
    </failure>
  </testcase> <!-- @BeforeMethod setUp -->
  <testcase classname="comSauceDemoPOMTestClasses.TestBaseClass" name="@AfterMethod tearDown" time="-1.653902753346E9">
    <skipped/>
  </testcase> <!-- @AfterMethod tearDown -->
  <testcase classname="comSauceDemoPOMTestClasses.TestBaseClass" name="@BeforeMethod setUp" time="4.246">
    <failure type="org.openqa.selenium.SessionNotCreatedException" message="session not created: This version of Microsoft Edge WebDriver only supports Microsoft Edge version 104
Current browser version is 101.0.1210.53 with binary path C:\Program Files (x86)\Microsoft\Edge\Application\msedge.exe
Build info: version: &amp;apos;3.141.59&amp;apos;, revision: &amp;apos;e82be7d358&amp;apos;, time: &amp;apos;2018-11-14T08:17:03&amp;apos;
System info: host: &amp;apos;DESKTOP-DIUNAJV&amp;apos;, ip: &amp;apos;192.168.1.202&amp;apos;, os.name: &amp;apos;Windows 10&amp;apos;, os.arch: &amp;apos;amd64&amp;apos;, os.version: &amp;apos;10.0&amp;apos;, java.version: &amp;apos;17.0.2&amp;apos;
Driver info: driver.version: EdgeDriver
remote stacktrace: Backtrace:
	Microsoft::Applications::Events::EventProperties::unpack [0x00558523+58259]
	Microsoft::Applications::Events::ISemanticContext::SetTicket [0x00450031+689921]
	Microsoft::Applications::Events::ILogConfiguration::operator* [0x002DACEE+3518]
	Microsoft::Applications::Events::GUID_t::GUID_t [0x002FA796+55318]
	Microsoft::Applications::Events::GUID_t::GUID_t [0x002F77C6+43078]
	Microsoft::Applications::Events::GUID_t::GUID_t [0x002F4239+29369]
	Microsoft::Applications::Events::GUID_t::GUID_t [0x0031E3D5+201813]
	Microsoft::Applications::Events::GUID_t::GUID_t [0x0031DDFE+200318]
	Microsoft::Applications::Events::GUID_t::GUID_t [0x003192D6+181078]
	Microsoft::Applications::Events::GUID_t::GUID_t [0x002FC786+63494]
	Microsoft::Applications::Events::GUID_t::GUID_t [0x002FD516+66966]
	Microsoft::Applications::Events::ILogManager::DispatchEventBroadcast [0x00750555+661285]
	Microsoft::Applications::Events::ILogManager::DispatchEventBroadcast [0x006C59B3+93059]
	Microsoft::Applications::Events::ILogManager::DispatchEventBroadcast [0x006C5647+92183]
	Microsoft::Applications::Events::ILogManager::DispatchEventBroadcast [0x006C94FA+108234]
	Microsoft::Applications::Events::ILogManager::DispatchEventBroadcast [0x006C609A+94826]
	Microsoft::Applications::Events::ISemanticContext::SetTicket [0x00461D6B+762939]
	Microsoft::Applications::Events::ISemanticContext::SetTicket [0x0046C8A8+806776]
	Microsoft::Applications::Events::ISemanticContext::SetTicket [0x0046CA32+807170]
	Microsoft::Applications::Events::ISemanticContext::SetTicket [0x0047F0E2+882610]
	BaseThreadInitThunk [0x75FAFA29+25]
	RtlGetAppContainerNamedObjectPath [0x775D7A7E+286]
	RtlGetAppContainerNamedObjectPath [0x775D7A4E+238]
">
      <![CDATA[org.openqa.selenium.SessionNotCreatedException: session not created: This version of Microsoft Edge WebDriver only supports Microsoft Edge version 104
Current browser version is 101.0.1210.53 with binary path C:\Program Files (x86)\Microsoft\Edge\Application\msedge.exe
Build info: version: '3.141.59', revision: 'e82be7d358', time: '2018-11-14T08:17:03'
System info: host: 'DESKTOP-DIUNAJV', ip: '192.168.1.202', os.name: 'Windows 10', os.arch: 'amd64', os.version: '10.0', java.version: '17.0.2'
Driver info: driver.version: EdgeDriver
remote stacktrace: Backtrace:
Microsoft::Applications::Events::EventProperties::unpack [0x00558523+58259]
Microsoft::Applications::Events::ISemanticContext::SetTicket [0x00450031+689921]
Microsoft::Applications::Events::ILogConfiguration::operator* [0x002DACEE+3518]
Microsoft::Applications::Events::GUID_t::GUID_t [0x002FA796+55318]
Microsoft::Applications::Events::GUID_t::GUID_t [0x002F77C6+43078]
Microsoft::Applications::Events::GUID_t::GUID_t [0x002F4239+29369]
Microsoft::Applications::Events::GUID_t::GUID_t [0x0031E3D5+201813]
Microsoft::Applications::Events::GUID_t::GUID_t [0x0031DDFE+200318]
Microsoft::Applications::Events::GUID_t::GUID_t [0x003192D6+181078]
Microsoft::Applications::Events::GUID_t::GUID_t [0x002FC786+63494]
Microsoft::Applications::Events::GUID_t::GUID_t [0x002FD516+66966]
Microsoft::Applications::Events::ILogManager::DispatchEventBroadcast [0x00750555+661285]
Microsoft::Applications::Events::ILogManager::DispatchEventBroadcast [0x006C59B3+93059]
Microsoft::Applications::Events::ILogManager::DispatchEventBroadcast [0x006C5647+92183]
Microsoft::Applications::Events::ILogManager::DispatchEventBroadcast [0x006C94FA+108234]
Microsoft::Applications::Events::ILogManager::DispatchEventBroadcast [0x006C609A+94826]
Microsoft::Applications::Events::ISemanticContext::SetTicket [0x00461D6B+762939]
Microsoft::Applications::Events::ISemanticContext::SetTicket [0x0046C8A8+806776]
Microsoft::Applications::Events::ISemanticContext::SetTicket [0x0046CA32+807170]
Microsoft::Applications::Events::ISemanticContext::SetTicket [0x0047F0E2+882610]
BaseThreadInitThunk [0x75FAFA29+25]
RtlGetAppContainerNamedObjectPath [0x775D7A7E+286]
RtlGetAppContainerNamedObjectPath [0x775D7A4E+238]

at org.openqa.selenium.remote.W3CHandshakeResponse.lambda$errorHandler$0(W3CHandshakeResponse.java:62)
at org.openqa.selenium.remote.HandshakeResponse.lambda$getResponseFunction$0(HandshakeResponse.java:30)
at org.openqa.selenium.remote.ProtocolHandshake.lambda$createSession$0(ProtocolHandshake.java:126)
at java.base/java.util.stream.ReferencePipeline$3$1.accept(ReferencePipeline.java:197)
at java.base/java.util.Spliterators$ArraySpliterator.tryAdvance(Spliterators.java:1002)
at java.base/java.util.stream.ReferencePipeline.forEachWithCancel(ReferencePipeline.java:129)
at java.base/java.util.stream.AbstractPipeline.copyIntoWithCancel(AbstractPipeline.java:527)
at java.base/java.util.stream.AbstractPipeline.copyInto(AbstractPipeline.java:513)
at java.base/java.util.stream.AbstractPipeline.wrapAndCopyInto(AbstractPipeline.java:499)
at java.base/java.util.stream.FindOps$FindOp.evaluateSequential(FindOps.java:150)
at java.base/java.util.stream.AbstractPipeline.evaluate(AbstractPipeline.java:234)
at java.base/java.util.stream.ReferencePipeline.findFirst(ReferencePipeline.java:647)
at org.openqa.selenium.remote.ProtocolHandshake.createSession(ProtocolHandshake.java:128)
at org.openqa.selenium.remote.ProtocolHandshake.createSession(ProtocolHandshake.java:74)
at org.openqa.selenium.remote.HttpCommandExecutor.execute(HttpCommandExecutor.java:136)
at org.openqa.selenium.remote.service.DriverCommandExecutor.execute(DriverCommandExecutor.java:83)
at org.openqa.selenium.remote.RemoteWebDriver.execute(RemoteWebDriver.java:552)
at org.openqa.selenium.remote.RemoteWebDriver.startSession(RemoteWebDriver.java:213)
at org.openqa.selenium.remote.RemoteWebDriver.<init>(RemoteWebDriver.java:131)
at org.openqa.selenium.edge.EdgeDriver.<init>(EdgeDriver.java:141)
at org.openqa.selenium.edge.EdgeDriver.<init>(EdgeDriver.java:96)
at comSauceDemoPOMTestClasses.TestBaseClass.setUp(TestBaseClass.java:28)
at java.base/java.util.ArrayList.forEach(ArrayList.java:1511)
... Removed 36 stack frames]]>
    </failure>
  </testcase> <!-- @BeforeMethod setUp -->
  <testcase classname="comSauceDemoPOMTestClasses.TestBaseClass" name="@AfterMethod tearDown" time="-1.653902757629E9">
    <skipped/>
  </testcase> <!-- @AfterMethod tearDown -->
  <testcase classname="comSauceDemoPOMTestClasses.TestBaseClass" name="@BeforeMethod setUp" time="3.862">
    <failure type="org.openqa.selenium.SessionNotCreatedException" message="session not created: This version of Microsoft Edge WebDriver only supports Microsoft Edge version 104
Current browser version is 101.0.1210.53 with binary path C:\Program Files (x86)\Microsoft\Edge\Application\msedge.exe
Build info: version: &amp;apos;3.141.59&amp;apos;, revision: &amp;apos;e82be7d358&amp;apos;, time: &amp;apos;2018-11-14T08:17:03&amp;apos;
System info: host: &amp;apos;DESKTOP-DIUNAJV&amp;apos;, ip: &amp;apos;192.168.1.202&amp;apos;, os.name: &amp;apos;Windows 10&amp;apos;, os.arch: &amp;apos;amd64&amp;apos;, os.version: &amp;apos;10.0&amp;apos;, java.version: &amp;apos;17.0.2&amp;apos;
Driver info: driver.version: EdgeDriver
remote stacktrace: Backtrace:
	Microsoft::Applications::Events::EventProperties::unpack [0x00558523+58259]
	Microsoft::Applications::Events::ISemanticContext::SetTicket [0x00450031+689921]
	Microsoft::Applications::Events::ILogConfiguration::operator* [0x002DACEE+3518]
	Microsoft::Applications::Events::GUID_t::GUID_t [0x002FA796+55318]
	Microsoft::Applications::Events::GUID_t::GUID_t [0x002F77C6+43078]
	Microsoft::Applications::Events::GUID_t::GUID_t [0x002F4239+29369]
	Microsoft::Applications::Events::GUID_t::GUID_t [0x0031E3D5+201813]
	Microsoft::Applications::Events::GUID_t::GUID_t [0x0031DDFE+200318]
	Microsoft::Applications::Events::GUID_t::GUID_t [0x003192D6+181078]
	Microsoft::Applications::Events::GUID_t::GUID_t [0x002FC786+63494]
	Microsoft::Applications::Events::GUID_t::GUID_t [0x002FD516+66966]
	Microsoft::Applications::Events::ILogManager::DispatchEventBroadcast [0x00750555+661285]
	Microsoft::Applications::Events::ILogManager::DispatchEventBroadcast [0x006C59B3+93059]
	Microsoft::Applications::Events::ILogManager::DispatchEventBroadcast [0x006C5647+92183]
	Microsoft::Applications::Events::ILogManager::DispatchEventBroadcast [0x006C94FA+108234]
	Microsoft::Applications::Events::ILogManager::DispatchEventBroadcast [0x006C609A+94826]
	Microsoft::Applications::Events::ISemanticContext::SetTicket [0x00461D6B+762939]
	Microsoft::Applications::Events::ISemanticContext::SetTicket [0x0046C8A8+806776]
	Microsoft::Applications::Events::ISemanticContext::SetTicket [0x0046CA32+807170]
	Microsoft::Applications::Events::ISemanticContext::SetTicket [0x0047F0E2+882610]
	BaseThreadInitThunk [0x75FAFA29+25]
	RtlGetAppContainerNamedObjectPath [0x775D7A7E+286]
	RtlGetAppContainerNamedObjectPath [0x775D7A4E+238]
">
      <![CDATA[org.openqa.selenium.SessionNotCreatedException: session not created: This version of Microsoft Edge WebDriver only supports Microsoft Edge version 104
Current browser version is 101.0.1210.53 with binary path C:\Program Files (x86)\Microsoft\Edge\Application\msedge.exe
Build info: version: '3.141.59', revision: 'e82be7d358', time: '2018-11-14T08:17:03'
System info: host: 'DESKTOP-DIUNAJV', ip: '192.168.1.202', os.name: 'Windows 10', os.arch: 'amd64', os.version: '10.0', java.version: '17.0.2'
Driver info: driver.version: EdgeDriver
remote stacktrace: Backtrace:
Microsoft::Applications::Events::EventProperties::unpack [0x00558523+58259]
Microsoft::Applications::Events::ISemanticContext::SetTicket [0x00450031+689921]
Microsoft::Applications::Events::ILogConfiguration::operator* [0x002DACEE+3518]
Microsoft::Applications::Events::GUID_t::GUID_t [0x002FA796+55318]
Microsoft::Applications::Events::GUID_t::GUID_t [0x002F77C6+43078]
Microsoft::Applications::Events::GUID_t::GUID_t [0x002F4239+29369]
Microsoft::Applications::Events::GUID_t::GUID_t [0x0031E3D5+201813]
Microsoft::Applications::Events::GUID_t::GUID_t [0x0031DDFE+200318]
Microsoft::Applications::Events::GUID_t::GUID_t [0x003192D6+181078]
Microsoft::Applications::Events::GUID_t::GUID_t [0x002FC786+63494]
Microsoft::Applications::Events::GUID_t::GUID_t [0x002FD516+66966]
Microsoft::Applications::Events::ILogManager::DispatchEventBroadcast [0x00750555+661285]
Microsoft::Applications::Events::ILogManager::DispatchEventBroadcast [0x006C59B3+93059]
Microsoft::Applications::Events::ILogManager::DispatchEventBroadcast [0x006C5647+92183]
Microsoft::Applications::Events::ILogManager::DispatchEventBroadcast [0x006C94FA+108234]
Microsoft::Applications::Events::ILogManager::DispatchEventBroadcast [0x006C609A+94826]
Microsoft::Applications::Events::ISemanticContext::SetTicket [0x00461D6B+762939]
Microsoft::Applications::Events::ISemanticContext::SetTicket [0x0046C8A8+806776]
Microsoft::Applications::Events::ISemanticContext::SetTicket [0x0046CA32+807170]
Microsoft::Applications::Events::ISemanticContext::SetTicket [0x0047F0E2+882610]
BaseThreadInitThunk [0x75FAFA29+25]
RtlGetAppContainerNamedObjectPath [0x775D7A7E+286]
RtlGetAppContainerNamedObjectPath [0x775D7A4E+238]

at org.openqa.selenium.remote.W3CHandshakeResponse.lambda$errorHandler$0(W3CHandshakeResponse.java:62)
at org.openqa.selenium.remote.HandshakeResponse.lambda$getResponseFunction$0(HandshakeResponse.java:30)
at org.openqa.selenium.remote.ProtocolHandshake.lambda$createSession$0(ProtocolHandshake.java:126)
at java.base/java.util.stream.ReferencePipeline$3$1.accept(ReferencePipeline.java:197)
at java.base/java.util.Spliterators$ArraySpliterator.tryAdvance(Spliterators.java:1002)
at java.base/java.util.stream.ReferencePipeline.forEachWithCancel(ReferencePipeline.java:129)
at java.base/java.util.stream.AbstractPipeline.copyIntoWithCancel(AbstractPipeline.java:527)
at java.base/java.util.stream.AbstractPipeline.copyInto(AbstractPipeline.java:513)
at java.base/java.util.stream.AbstractPipeline.wrapAndCopyInto(AbstractPipeline.java:499)
at java.base/java.util.stream.FindOps$FindOp.evaluateSequential(FindOps.java:150)
at java.base/java.util.stream.AbstractPipeline.evaluate(AbstractPipeline.java:234)
at java.base/java.util.stream.ReferencePipeline.findFirst(ReferencePipeline.java:647)
at org.openqa.selenium.remote.ProtocolHandshake.createSession(ProtocolHandshake.java:128)
at org.openqa.selenium.remote.ProtocolHandshake.createSession(ProtocolHandshake.java:74)
at org.openqa.selenium.remote.HttpCommandExecutor.execute(HttpCommandExecutor.java:136)
at org.openqa.selenium.remote.service.DriverCommandExecutor.execute(DriverCommandExecutor.java:83)
at org.openqa.selenium.remote.RemoteWebDriver.execute(RemoteWebDriver.java:552)
at org.openqa.selenium.remote.RemoteWebDriver.startSession(RemoteWebDriver.java:213)
at org.openqa.selenium.remote.RemoteWebDriver.<init>(RemoteWebDriver.java:131)
at org.openqa.selenium.edge.EdgeDriver.<init>(EdgeDriver.java:141)
at org.openqa.selenium.edge.EdgeDriver.<init>(EdgeDriver.java:96)
at comSauceDemoPOMTestClasses.TestBaseClass.setUp(TestBaseClass.java:28)
at java.base/java.util.ArrayList.forEach(ArrayList.java:1511)
... Removed 36 stack frames]]>
    </failure>
  </testcase> <!-- @BeforeMethod setUp -->
  <testcase classname="comSauceDemoPOMTestClasses.TestBaseClass" name="@AfterMethod tearDown" time="-1.653902761512E9">
    <skipped/>
  </testcase> <!-- @AfterMethod tearDown -->
  <testcase classname="comSauceDemoPOMTestClasses.TestBaseClass" name="@BeforeMethod setUp" time="3.97">
    <failure type="org.openqa.selenium.SessionNotCreatedException" message="session not created: This version of Microsoft Edge WebDriver only supports Microsoft Edge version 104
Current browser version is 101.0.1210.53 with binary path C:\Program Files (x86)\Microsoft\Edge\Application\msedge.exe
Build info: version: &amp;apos;3.141.59&amp;apos;, revision: &amp;apos;e82be7d358&amp;apos;, time: &amp;apos;2018-11-14T08:17:03&amp;apos;
System info: host: &amp;apos;DESKTOP-DIUNAJV&amp;apos;, ip: &amp;apos;192.168.1.202&amp;apos;, os.name: &amp;apos;Windows 10&amp;apos;, os.arch: &amp;apos;amd64&amp;apos;, os.version: &amp;apos;10.0&amp;apos;, java.version: &amp;apos;17.0.2&amp;apos;
Driver info: driver.version: EdgeDriver
remote stacktrace: Backtrace:
	Microsoft::Applications::Events::EventProperties::unpack [0x00558523+58259]
	Microsoft::Applications::Events::ISemanticContext::SetTicket [0x00450031+689921]
	Microsoft::Applications::Events::ILogConfiguration::operator* [0x002DACEE+3518]
	Microsoft::Applications::Events::GUID_t::GUID_t [0x002FA796+55318]
	Microsoft::Applications::Events::GUID_t::GUID_t [0x002F77C6+43078]
	Microsoft::Applications::Events::GUID_t::GUID_t [0x002F4239+29369]
	Microsoft::Applications::Events::GUID_t::GUID_t [0x0031E3D5+201813]
	Microsoft::Applications::Events::GUID_t::GUID_t [0x0031DDFE+200318]
	Microsoft::Applications::Events::GUID_t::GUID_t [0x003192D6+181078]
	Microsoft::Applications::Events::GUID_t::GUID_t [0x002FC786+63494]
	Microsoft::Applications::Events::GUID_t::GUID_t [0x002FD516+66966]
	Microsoft::Applications::Events::ILogManager::DispatchEventBroadcast [0x00750555+661285]
	Microsoft::Applications::Events::ILogManager::DispatchEventBroadcast [0x006C59B3+93059]
	Microsoft::Applications::Events::ILogManager::DispatchEventBroadcast [0x006C5647+92183]
	Microsoft::Applications::Events::ILogManager::DispatchEventBroadcast [0x006C94FA+108234]
	Microsoft::Applications::Events::ILogManager::DispatchEventBroadcast [0x006C609A+94826]
	Microsoft::Applications::Events::ISemanticContext::SetTicket [0x00461D6B+762939]
	Microsoft::Applications::Events::ISemanticContext::SetTicket [0x0046C8A8+806776]
	Microsoft::Applications::Events::ISemanticContext::SetTicket [0x0046CA32+807170]
	Microsoft::Applications::Events::ISemanticContext::SetTicket [0x0047F0E2+882610]
	BaseThreadInitThunk [0x75FAFA29+25]
	RtlGetAppContainerNamedObjectPath [0x775D7A7E+286]
	RtlGetAppContainerNamedObjectPath [0x775D7A4E+238]
">
      <![CDATA[org.openqa.selenium.SessionNotCreatedException: session not created: This version of Microsoft Edge WebDriver only supports Microsoft Edge version 104
Current browser version is 101.0.1210.53 with binary path C:\Program Files (x86)\Microsoft\Edge\Application\msedge.exe
Build info: version: '3.141.59', revision: 'e82be7d358', time: '2018-11-14T08:17:03'
System info: host: 'DESKTOP-DIUNAJV', ip: '192.168.1.202', os.name: 'Windows 10', os.arch: 'amd64', os.version: '10.0', java.version: '17.0.2'
Driver info: driver.version: EdgeDriver
remote stacktrace: Backtrace:
Microsoft::Applications::Events::EventProperties::unpack [0x00558523+58259]
Microsoft::Applications::Events::ISemanticContext::SetTicket [0x00450031+689921]
Microsoft::Applications::Events::ILogConfiguration::operator* [0x002DACEE+3518]
Microsoft::Applications::Events::GUID_t::GUID_t [0x002FA796+55318]
Microsoft::Applications::Events::GUID_t::GUID_t [0x002F77C6+43078]
Microsoft::Applications::Events::GUID_t::GUID_t [0x002F4239+29369]
Microsoft::Applications::Events::GUID_t::GUID_t [0x0031E3D5+201813]
Microsoft::Applications::Events::GUID_t::GUID_t [0x0031DDFE+200318]
Microsoft::Applications::Events::GUID_t::GUID_t [0x003192D6+181078]
Microsoft::Applications::Events::GUID_t::GUID_t [0x002FC786+63494]
Microsoft::Applications::Events::GUID_t::GUID_t [0x002FD516+66966]
Microsoft::Applications::Events::ILogManager::DispatchEventBroadcast [0x00750555+661285]
Microsoft::Applications::Events::ILogManager::DispatchEventBroadcast [0x006C59B3+93059]
Microsoft::Applications::Events::ILogManager::DispatchEventBroadcast [0x006C5647+92183]
Microsoft::Applications::Events::ILogManager::DispatchEventBroadcast [0x006C94FA+108234]
Microsoft::Applications::Events::ILogManager::DispatchEventBroadcast [0x006C609A+94826]
Microsoft::Applications::Events::ISemanticContext::SetTicket [0x00461D6B+762939]
Microsoft::Applications::Events::ISemanticContext::SetTicket [0x0046C8A8+806776]
Microsoft::Applications::Events::ISemanticContext::SetTicket [0x0046CA32+807170]
Microsoft::Applications::Events::ISemanticContext::SetTicket [0x0047F0E2+882610]
BaseThreadInitThunk [0x75FAFA29+25]
RtlGetAppContainerNamedObjectPath [0x775D7A7E+286]
RtlGetAppContainerNamedObjectPath [0x775D7A4E+238]

at org.openqa.selenium.remote.W3CHandshakeResponse.lambda$errorHandler$0(W3CHandshakeResponse.java:62)
at org.openqa.selenium.remote.HandshakeResponse.lambda$getResponseFunction$0(HandshakeResponse.java:30)
at org.openqa.selenium.remote.ProtocolHandshake.lambda$createSession$0(ProtocolHandshake.java:126)
at java.base/java.util.stream.ReferencePipeline$3$1.accept(ReferencePipeline.java:197)
at java.base/java.util.Spliterators$ArraySpliterator.tryAdvance(Spliterators.java:1002)
at java.base/java.util.stream.ReferencePipeline.forEachWithCancel(ReferencePipeline.java:129)
at java.base/java.util.stream.AbstractPipeline.copyIntoWithCancel(AbstractPipeline.java:527)
at java.base/java.util.stream.AbstractPipeline.copyInto(AbstractPipeline.java:513)
at java.base/java.util.stream.AbstractPipeline.wrapAndCopyInto(AbstractPipeline.java:499)
at java.base/java.util.stream.FindOps$FindOp.evaluateSequential(FindOps.java:150)
at java.base/java.util.stream.AbstractPipeline.evaluate(AbstractPipeline.java:234)
at java.base/java.util.stream.ReferencePipeline.findFirst(ReferencePipeline.java:647)
at org.openqa.selenium.remote.ProtocolHandshake.createSession(ProtocolHandshake.java:128)
at org.openqa.selenium.remote.ProtocolHandshake.createSession(ProtocolHandshake.java:74)
at org.openqa.selenium.remote.HttpCommandExecutor.execute(HttpCommandExecutor.java:136)
at org.openqa.selenium.remote.service.DriverCommandExecutor.execute(DriverCommandExecutor.java:83)
at org.openqa.selenium.remote.RemoteWebDriver.execute(RemoteWebDriver.java:552)
at org.openqa.selenium.remote.RemoteWebDriver.startSession(RemoteWebDriver.java:213)
at org.openqa.selenium.remote.RemoteWebDriver.<init>(RemoteWebDriver.java:131)
at org.openqa.selenium.edge.EdgeDriver.<init>(EdgeDriver.java:141)
at org.openqa.selenium.edge.EdgeDriver.<init>(EdgeDriver.java:96)
at comSauceDemoPOMTestClasses.TestBaseClass.setUp(TestBaseClass.java:28)
at java.base/java.util.ArrayList.forEach(ArrayList.java:1511)
... Removed 36 stack frames]]>
    </failure>
  </testcase> <!-- @BeforeMethod setUp -->
  <testcase classname="comSauceDemoPOMTestClasses.TestBaseClass" name="@AfterMethod tearDown" time="-1.653902765498E9">
    <skipped/>
  </testcase> <!-- @AfterMethod tearDown -->
  <testcase classname="comSauceDemoPOMTestClasses.TC02LogOutFuctionality" name="logOutFunctionality" time="0.0">
    <skipped/>
  </testcase> <!-- logOutFunctionality -->
  <testcase classname="comSauceDemoPOMTestClasses.TC04MultiProductFunctionality" name="multipleProductAddToCart" time="0.0">
    <skipped/>
  </testcase> <!-- multipleProductAddToCart -->
  <testcase classname="comSauceDemoPOMTestClasses.TC03SingleProductBuyFunctionality" name="singleProductAddToCart" time="0.0">
    <skipped/>
  </testcase> <!-- singleProductAddToCart -->
  <testcase classname="comSauceDemoPOMTestClasses.TC01LoginFunction" name="loginFunctionality" time="0.0">
    <skipped/>
  </testcase> <!-- loginFunctionality -->
</testsuite> <!-- Test -->
